<?xml version="1.0" encoding="UTF-8"?>
<!-- Generated by org.testng.reporters.JUnitXMLReporter -->
<testsuite hostname="Rajesh-PC" ignored="1" name="Test1" tests="2" failures="0" timestamp="11 Jun 2025 08:24:52 GMT" time="32.866" errors="0">
  <testcase name="verify_Account_Registration" time="7.662" classname="testCases.TG001_AccountRegistrationTest"/>
  <testcase name="loginTest" time="7.223" classname="testCases.TG002_LoginTest"/>
  <testcase name="verify_loginDDT" time="0.0" classname="testCases.TG002_LoginDDT">
    <ignored/>
  </testcase> <!-- verify_loginDDT -->
</testsuite> <!-- Test1 -->
