<?xml version="1.0" encoding="UTF-8"?>
<!-- Generated by org.testng.reporters.JUnitXMLReporter -->
<testsuite hostname="Rajesh-PC" ignored="0" name="Test1(failed)" tests="1" failures="1" timestamp="09 Jun 2025 09:58:19 GMT" time="27.427" errors="0">
  <testcase name="loginTest" time="16.3" classname="testCases.TG002_LoginTest">
    <failure type="java.lang.AssertionError" message="null">
      <![CDATA[java.lang.AssertionError: null
	at testCases.TG002_LoginTest.loginTest(TG002_LoginTest.java:76)
... Removed 27 stack frames]]>
    </failure>
  </testcase> <!-- loginTest -->
</testsuite> <!-- Test1(failed) -->
