<?xml version="1.0" encoding="UTF-8"?>
<!-- Generated by org.testng.reporters.JUnitXMLReporter -->
<testsuite hostname="Rajesh-PC" ignored="1" name="Test1" tests="2" failures="0" timestamp="10 Jun 2025 10:35:34 GMT" time="69.793" errors="0">
  <testcase name="verify_Account_Registration" time="16.013" classname="testCases.TG001_AccountRegistrationTest"/>
  <testcase name="loginTest" time="7.102" classname="testCases.TG002_LoginTest"/>
  <testcase name="verify_loginDDT" time="0.0" classname="testCases.TG002_LoginDDT">
    <ignored/>
  </testcase> <!-- verify_loginDDT -->
</testsuite> <!-- Test1 -->
